Analysis initiated from SIMULIA established products
Abaqus JOB cantelverjob
Abaqus 3DEXPERIENCE R2017x
Abaqus License Manager checked out the following licenses:
Abaqus/Standard checked out 5 tokens from Flexnet server localhost.
<1019 out of 1024 licenses remain available>.
Begin Analysis Input File Processor
11/6/2021 11:15:24 PM
Run pre.exe
11/6/2021 11:15:39 PM
End Analysis Input File Processor
Begin Abaqus/Standard Analysis
11/6/2021 11:15:40 PM
Run standard.exe
11/6/2021 11:15:55 PM
End Abaqus/Standard Analysis
Begin MFS->SFS and SIM cleanup
11/6/2021 11:15:56 PM
Run SMASimUtility.exe
11/6/2021 11:15:57 PM
End MFS->SFS and SIM cleanup
Abaqus JOB cantelverjob COMPLETED
